2023-03-30 23:22:06,057 - pyswarms.backend.generators - ERROR - Bounds and/or init_pos should be of size (13,)
Traceback (most recent call last):
  File "D:\Python\Python3.10.6\lib\site-packages\pyswarms\backend\generators.py", line 67, in generate_swarm
    raise ValueError("User-defined init_pos is out of bounds.")
ValueError: User-defined init_pos is out of bounds.
2023-03-30 23:43:20,100 - pyswarms.single.global_best - INFO - Optimize for 100 iters with {'c1': 0.5, 'c2': 0.3, 'w': 0.9, 'k': 30, 'p': 2}
2023-03-30 23:52:55,827 - pyswarms.single.global_best - INFO - Optimize for 100 iters with {'c1': 0.5, 'c2': 0.3, 'w': 0.9, 'k': 30, 'p': 2}
2023-03-31 00:01:24,414 - pyswarms.single.global_best - INFO - Optimize for 100 iters with {'c1': 0.5, 'c2': 0.3, 'w': 0.9, 'k': 30, 'p': 2}
2023-03-31 00:02:46,958 - pyswarms.single.global_best - INFO - Optimize for 100 iters with {'c1': 0.5, 'c2': 0.3, 'w': 0.9, 'k': 30, 'p': 2}
2023-03-31 00:11:29,765 - pyswarms.single.global_best - INFO - Optimize for 100 iters with {'c1': 0.5, 'c2': 0.3, 'w': 0.9, 'k': 30, 'p': 2}
2023-03-31 00:16:28,721 - pyswarms.single.global_best - INFO - Optimize for 100 iters with {'c1': 0.5, 'c2': 0.3, 'w': 0.9, 'k': 30, 'p': 2}
2023-04-04 19:05:47,656 - pyswarms.single.global_best - INFO - Optimize for 100 iters with {'c1': 0.5, 'c2': 0.3, 'w': 0.9, 'k': 30, 'p': 2}
2023-04-05 14:03:16,191 - pyswarms.single.global_best - INFO - Optimize for 100 iters with {'c1': 0.5, 'c2': 0.3, 'w': 0.9, 'k': 30, 'p': 2}
2023-04-05 14:45:19,295 - pyswarms.single.global_best - INFO - Optimize for 100 iters with {'c1': 0.5, 'c2': 0.3, 'w': 0.9, 'k': 30, 'p': 2}
2023-04-05 14:48:00,047 - pyswarms.single.global_best - INFO - Optimize for 100 iters with {'c1': 0.5, 'c2': 0.3, 'w': 0.9, 'k': 30, 'p': 2}
2023-04-05 15:55:43,506 - pyswarms.single.global_best - INFO - Optimize for 100 iters with {'c1': 0.5, 'c2': 0.3, 'w': 0.9, 'k': 30, 'p': 2}
2023-04-07 18:47:39,139 - pyswarms.single.global_best - INFO - Optimize for 100 iters with {'c1': 0.5, 'c2': 0.3, 'w': 0.9, 'k': 30, 'p': 2}
2023-04-07 19:08:26,930 - pyswarms.single.global_best - INFO - Optimize for 100 iters with {'c1': 0.5, 'c2': 0.3, 'w': 0.9, 'k': 30, 'p': 2}
2023-04-07 19:09:30,727 - pyswarms.single.global_best - INFO - Optimize for 100 iters with {'c1': 0.5, 'c2': 0.3, 'w': 0.9, 'k': 30, 'p': 2}
2023-04-07 22:05:33,165 - pyswarms.single.global_best - INFO - Optimize for 100 iters with {'c1': 0.5, 'c2': 0.3, 'w': 0.9, 'k': 30, 'p': 2}
2023-04-07 22:34:12,686 - pyswarms.single.global_best - INFO - Optimize for 100 iters with {'c1': 0.5, 'c2': 0.3, 'w': 0.9, 'k': 30, 'p': 2}
2023-04-07 22:38:08,099 - pyswarms.single.global_best - INFO - Optimize for 100 iters with {'c1': 0.5, 'c2': 0.3, 'w': 0.9, 'k': 30, 'p': 2}
2023-04-07 22:39:26,020 - pyswarms.single.global_best - INFO - Optimize for 100 iters with {'c1': 0.5, 'c2': 0.3, 'w': 0.9, 'k': 30, 'p': 2}
2023-04-07 22:50:40,252 - pyswarms.single.global_best - INFO - Optimize for 100 iters with {'c1': 0.5, 'c2': 0.3, 'w': 0.9, 'k': 30, 'p': 2}
2023-04-07 22:55:57,494 - pyswarms.single.global_best - INFO - Optimize for 100 iters with {'c1': 0.5, 'c2': 0.3, 'w': 0.9, 'k': 30, 'p': 2}
2023-04-07 23:07:27,727 - pyswarms.single.global_best - INFO - Optimize for 100 iters with {'c1': 0.5, 'c2': 0.3, 'w': 0.9, 'k': 30, 'p': 2}
2023-04-07 23:23:50,451 - pyswarms.single.global_best - INFO - Optimize for 100 iters with {'c1': 0.5, 'c2': 0.3, 'w': 0.9, 'k': 30, 'p': 2}
2023-04-07 23:31:24,191 - pyswarms.single.global_best - INFO - Optimize for 100 iters with {'c1': 0.5, 'c2': 0.3, 'w': 0.9, 'k': 30, 'p': 2}
2023-04-07 23:33:52,184 - pyswarms.single.global_best - INFO - Optimize for 100 iters with {'c1': 0.5, 'c2': 0.3, 'w': 0.9, 'k': 30, 'p': 2}
2023-04-07 23:36:10,567 - pyswarms.single.global_best - INFO - Optimize for 100 iters with {'c1': 0.5, 'c2': 0.3, 'w': 0.9, 'k': 30, 'p': 2}
2023-04-07 23:37:58,660 - pyswarms.single.global_best - INFO - Optimize for 100 iters with {'c1': 0.5, 'c2': 0.3, 'w': 0.9, 'k': 30, 'p': 2}
2023-04-07 23:38:46,151 - pyswarms.single.global_best - INFO - Optimize for 100 iters with {'c1': 0.5, 'c2': 0.3, 'w': 0.9, 'k': 30, 'p': 2}
2023-04-07 23:39:19,333 - pyswarms.single.global_best - INFO - Optimize for 100 iters with {'c1': 0.5, 'c2': 0.3, 'w': 0.9, 'k': 30, 'p': 2}
2023-04-07 23:46:17,489 - pyswarms.single.global_best - INFO - Optimize for 100 iters with {'c1': 0.5, 'c2': 0.3, 'w': 0.9, 'k': 30, 'p': 2}
2023-04-07 23:47:02,724 - pyswarms.single.global_best - INFO - Optimize for 100 iters with {'c1': 0.5, 'c2': 0.3, 'w': 0.9, 'k': 30, 'p': 2}
2023-04-08 00:16:12,355 - pyswarms.single.global_best - INFO - Optimize for 100 iters with {'c1': 0.5, 'c2': 0.3, 'w': 0.9, 'k': 30, 'p': 2}
2023-04-08 19:45:05,037 - pyswarms.single.global_best - INFO - Optimize for 100 iters with {'c1': 0.5, 'c2': 0.3, 'w': 0.9, 'k': 30, 'p': 2}
2023-04-08 20:10:56,610 - pyswarms.single.global_best - INFO - Optimize for 100 iters with {'c1': 0.5, 'c2': 0.3, 'w': 0.9, 'k': 30, 'p': 2}
2023-04-08 20:11:21,408 - pyswarms.single.global_best - INFO - Optimize for 100 iters with {'c1': 0.5, 'c2': 0.3, 'w': 0.9, 'k': 30, 'p': 2}
2023-04-08 21:40:46,863 - pyswarms.single.global_best - INFO - Optimize for 100 iters with {'c1': 0.5, 'c2': 0.3, 'w': 0.9, 'k': 30, 'p': 2}
2023-04-08 21:44:43,587 - pyswarms.single.global_best - INFO - Optimize for 100 iters with {'c1': 0.5, 'c2': 0.3, 'w': 0.9, 'k': 30, 'p': 2}
2023-04-09 22:14:10,783 - pyswarms.single.global_best - INFO - Optimize for 100 iters with {'c1': 0.5, 'c2': 0.3, 'w': 0.9}
2023-04-11 22:40:35,488 - pyswarms.single.global_best - INFO - Optimize for 100 iters with {'c1': 0.5, 'c2': 0.3, 'w': 0.9}
2023-04-11 22:52:30,354 - pyswarms.single.global_best - INFO - Optimize for 100 iters with {'c1': 0.5, 'c2': 0.3, 'w': 0.9}
2023-04-12 01:00:02,890 - pyswarms.single.global_best - INFO - Optimize for 100 iters with {'c1': 0.5, 'c2': 0.3, 'w': 0.9}
2023-04-12 01:40:28,789 - pyswarms.single.global_best - INFO - Optimize for 100 iters with {'c1': 0.5, 'c2': 0.3, 'w': 0.9}
2023-04-12 01:58:16,952 - pyswarms.single.global_best - INFO - Optimize for 100 iters with {'c1': 0.5, 'c2': 0.3, 'w': 0.9}
2023-04-12 02:09:03,641 - pyswarms.single.global_best - INFO - Optimize for 100 iters with {'c1': 0.5, 'c2': 0.3, 'w': 0.9}
2023-04-12 02:12:17,600 - pyswarms.single.global_best - INFO - Optimize for 100 iters with {'c1': 0.5, 'c2': 0.3, 'w': 0.9}
2023-04-12 02:12:54,301 - pyswarms.single.global_best - INFO - Optimize for 100 iters with {'c1': 0.5, 'c2': 0.3, 'w': 0.9}
2023-04-12 02:14:16,264 - pyswarms.single.global_best - INFO - Optimize for 100 iters with {'c1': 0.5, 'c2': 0.3, 'w': 0.9}
2023-04-12 02:14:35,505 - pyswarms.single.global_best - INFO - Optimize for 100 iters with {'c1': 0.5, 'c2': 0.3, 'w': 0.9}
2023-04-12 13:19:00,596 - pyswarms.single.global_best - INFO - Optimize for 100 iters with {'c1': 0.5, 'c2': 0.3, 'w': 0.9}
2023-04-12 13:21:43,881 - pyswarms.single.global_best - INFO - Optimize for 100 iters with {'c1': 0.5, 'c2': 0.3, 'w': 0.9}
2023-04-12 14:04:49,016 - pyswarms.single.global_best - INFO - Optimize for 100 iters with {'c1': 0.5, 'c2': 0.3, 'w': 0.9}
2023-04-14 01:25:44,396 - pyswarms.single.global_best - INFO - Optimize for 100 iters with {'c1': 0.5, 'c2': 0.3, 'w': 0.9}
